Using pre-set license
Built from '2022.3/staging' branch; Version is '2022.3.7f1 (b16b3b16c7a0) revision 11627323'; Using compiler version '192829333'; Build Type 'Release'
OS: 'Windows 11  (10.0.22621) 64bit Core' Language: 'en' Physical Memory: 16084 MB
BatchMode: 1, IsHumanControllingUs: 0, StartBugReporterOnCrash: 0, Is64bit: 1, IsPro: 1

COMMAND LINE ARGUMENTS:
C:\Program Files\Unity\Hub\Editor\2022.3.7f1\Editor\Unity.exe
-adb2
-batchMode
-noUpm
-name
AssetImportWorker2
-projectPath
C:/Users/weiss/GitHub/Projects/TowerDefense/TowerDefense
-logFile
Logs/AssetImportWorker2.log
-srvPort
55305
Successfully changed project path to: C:/Users/weiss/GitHub/Projects/TowerDefense/TowerDefense
C:/Users/weiss/GitHub/Projects/TowerDefense/TowerDefense
[UnityMemory] Configuration Parameters - Can be set up in boot.config
    "memorysetup-bucket-allocator-granularity=16"
    "memorysetup-bucket-allocator-bucket-count=8"
    "memorysetup-bucket-allocator-block-size=33554432"
    "memorysetup-bucket-allocator-block-count=8"
    "memorysetup-main-allocator-block-size=16777216"
    "memorysetup-thread-allocator-block-size=16777216"
    "memorysetup-gfx-main-allocator-block-size=16777216"
    "memorysetup-gfx-thread-allocator-block-size=16777216"
    "memorysetup-cache-allocator-block-size=4194304"
    "memorysetup-typetree-allocator-block-size=2097152"
    "memorysetup-profiler-bucket-allocator-granularity=16"
    "memorysetup-profiler-bucket-allocator-bucket-count=8"
    "memorysetup-profiler-bucket-allocator-block-size=33554432"
    "memorysetup-profiler-bucket-allocator-block-count=8"
    "memorysetup-profiler-allocator-block-size=16777216"
    "memorysetup-profiler-editor-allocator-block-size=1048576"
    "memorysetup-temp-allocator-size-main=16777216"
    "memorysetup-job-temp-allocator-block-size=2097152"
    "memorysetup-job-temp-allocator-block-size-background=1048576"
    "memorysetup-job-temp-allocator-reduction-small-platforms=262144"
    "memorysetup-allocator-temp-initial-block-size-main=262144"
    "memorysetup-allocator-temp-initial-block-size-worker=262144"
    "memorysetup-temp-allocator-size-background-worker=32768"
    "memorysetup-temp-allocator-size-job-worker=262144"
    "memorysetup-temp-allocator-size-preload-manager=33554432"
    "memorysetup-temp-allocator-size-nav-mesh-worker=65536"
    "memorysetup-temp-allocator-size-audio-worker=65536"
    "memorysetup-temp-allocator-size-cloud-worker=32768"
    "memorysetup-temp-allocator-size-gi-baking-worker=262144"
    "memorysetup-temp-allocator-size-gfx=262144"
Player connection [29236] Host "[IP] 10.0.0.189 [Port] 0 [Flags] 2 [Guid] 1642914745 [EditorId] 1642914745 [Version] 1048832 [Id] WindowsEditor(7,MSI) [Debug] 1 [PackageName] WindowsEditor [ProjectName] Editor" joined multi-casting on [225.0.0.222:54997]...

Player connection [29236] Host "[IP] 10.0.0.189 [Port] 0 [Flags] 2 [Guid] 1642914745 [EditorId] 1642914745 [Version] 1048832 [Id] WindowsEditor(7,MSI) [Debug] 1 [PackageName] WindowsEditor [ProjectName] Editor" joined alternative multi-casting on [225.0.0.222:34997]...

Refreshing native plugins compatible for Editor in 5.27 ms, found 2 plugins.
Preloading 0 native plugins for Editor in 0.00 ms.
Initialize engine version: 2022.3.7f1 (b16b3b16c7a0)
[Subsystems] Discovering subsystems at path C:/Program Files/Unity/Hub/Editor/2022.3.7f1/Editor/Data/Resources/UnitySubsystems
[Subsystems] Discovering subsystems at path C:/Users/weiss/GitHub/Projects/TowerDefense/TowerDefense/Assets
GfxDevice: creating device client; threaded=0; jobified=0
Direct3D:
    Version:  Direct3D 11.0 [level 11.1]
    Renderer: NVIDIA GeForce RTX 3060 Laptop GPU (ID=0x2520)
    Vendor:   NVIDIA
    VRAM:     6023 MB
    Driver:   30.0.15.1165
Initialize mono
Mono path[0] = 'C:/Program Files/Unity/Hub/Editor/2022.3.7f1/Editor/Data/Managed'
Mono path[1] = 'C:/Program Files/Unity/Hub/Editor/2022.3.7f1/Editor/Data/MonoBleedingEdge/lib/mono/unityjit-win32'
Mono config path = 'C:/Program Files/Unity/Hub/Editor/2022.3.7f1/Editor/Data/MonoBleedingEdge/etc'
Using monoOptions --debugger-agent=transport=dt_socket,embedding=1,server=y,suspend=n,address=127.0.0.1:56880
Begin MonoManager ReloadAssembly
Registering precompiled unity dll's ...
Register platform support module: C:/Program Files/Unity/Hub/Editor/2022.3.7f1/Editor/Data/PlaybackEngines/WebGLSupport/UnityEditor.WebGL.Extensions.dll
Register platform support module: C:/Program Files/Unity/Hub/Editor/2022.3.7f1/Editor/Data/PlaybackEngines/WindowsStandaloneSupport/UnityEditor.WindowsStandalone.Extensions.dll
Registered in 0.013121 seconds.
- Loaded All Assemblies, in  0.363 seconds
Native extension for WindowsStandalone target not found
Native extension for WebGL target not found
Mono: successfully reloaded assembly
- Finished resetting the current domain, in  0.219 seconds
Domain Reload Profiling: 580ms
	BeginReloadAssembly (117ms)
		ExecutionOrderSort (0ms)
		DisableScriptedObjects (0ms)
		BackupInstance (0ms)
		ReleaseScriptingObjects (0ms)
		CreateAndSetChildDomain (0ms)
	RebuildCommonClasses (33ms)
	RebuildNativeTypeToScriptingClass (8ms)
	initialDomainReloadingComplete (65ms)
	LoadAllAssembliesAndSetupDomain (138ms)
		LoadAssemblies (115ms)
		RebuildTransferFunctionScriptingTraits (0ms)
		AnalyzeDomain (136ms)
			TypeCache.Refresh (134ms)
				TypeCache.ScanAssembly (121ms)
			ScanForSourceGeneratedMonoScriptInfo (0ms)
			ResolveRequiredComponents (0ms)
	FinalizeReload (220ms)
		ReleaseScriptCaches (0ms)
		RebuildScriptCaches (0ms)
		SetupLoadedEditorAssemblies (170ms)
			LogAssemblyErrors (0ms)
			InitializePlatformSupportModulesInManaged (12ms)
			SetLoadedEditorAssemblies (4ms)
			RefreshPlugins (0ms)
			BeforeProcessingInitializeOnLoad (2ms)
			ProcessInitializeOnLoadAttributes (109ms)
			ProcessInitializeOnLoadMethodAttributes (42ms)
			AfterProcessingInitializeOnLoad (0ms)
			EditorAssembliesLoaded (0ms)
		ExecutionOrderSort2 (0ms)
		AwakeInstancesAfterBackupRestoration (0ms)
========================================================================
Worker process is ready to serve import requests
Begin MonoManager ReloadAssembly
- Loaded All Assemblies, in  0.622 seconds
Refreshing native plugins compatible for Editor in 22.20 ms, found 2 plugins.
Native extension for WindowsStandalone target not found
Native extension for WebGL target not found
Package Manager log level set to [2]
[Package Manager] Server::EnsureServerProcessIsRunning -- launch failed, reason: Unity was launched with the -noUpm command-line argument
[Package Manager] UpmClient::Send -- Unable to send message (not connected to UPM process).
[Package Manager] Cannot connect to Unity Package Manager local server
Mono: successfully reloaded assembly
- Finished resetting the current domain, in  0.563 seconds
Domain Reload Profiling: 1182ms
	BeginReloadAssembly (142ms)
		ExecutionOrderSort (0ms)
		DisableScriptedObjects (4ms)
		BackupInstance (0ms)
		ReleaseScriptingObjects (0ms)
		CreateAndSetChildDomain (21ms)
	RebuildCommonClasses (34ms)
	RebuildNativeTypeToScriptingClass (9ms)
	initialDomainReloadingComplete (43ms)
	LoadAllAssembliesAndSetupDomain (391ms)
		LoadAssemblies (343ms)
		RebuildTransferFunctionScriptingTraits (0ms)
		AnalyzeDomain (137ms)
			TypeCache.Refresh (125ms)
				TypeCache.ScanAssembly (106ms)
			ScanForSourceGeneratedMonoScriptInfo (7ms)
			ResolveRequiredComponents (3ms)
	FinalizeReload (564ms)
		ReleaseScriptCaches (0ms)
		RebuildScriptCaches (0ms)
		SetupLoadedEditorAssemblies (443ms)
			LogAssemblyErrors (0ms)
			InitializePlatformSupportModulesInManaged (42ms)
			SetLoadedEditorAssemblies (4ms)
			RefreshPlugins (0ms)
			BeforeProcessingInitializeOnLoad (84ms)
			ProcessInitializeOnLoadAttributes (266ms)
			ProcessInitializeOnLoadMethodAttributes (35ms)
			AfterProcessingInitializeOnLoad (13ms)
			EditorAssembliesLoaded (0ms)
		ExecutionOrderSort2 (0ms)
		AwakeInstancesAfterBackupRestoration (7ms)
Launched and connected shader compiler UnityShaderCompiler.exe after 0.07 seconds
Refreshing native plugins compatible for Editor in 3.12 ms, found 2 plugins.
Preloading 0 native plugins for Editor in 0.00 ms.
Unloading 1158 Unused Serialized files (Serialized files now loaded: 0)
Unloading 23 unused Assets / (83.8 KB). Loaded Objects now: 1624.
Memory consumption went from 72.5 MB to 72.4 MB.
Total: 3.802900 ms (FindLiveObjects: 0.137700 ms CreateObjectMapping: 0.123100 ms MarkObjects: 3.409000 ms  DeleteObjects: 0.131700 ms)

AssetImportParameters requested are different than current active one (requested -> active):
  custom:video-encoder-webm-vp8: eb34c28f22e8b96e1ab97ce403110664 -> 
  custom:video-decoder-webm-vp8: 9c59270c3fd7afecdb556c50c9e8de78 -> 
  custom:audio-decoder-ogg-vorbis: bf7c407c2cedff20999df2af8eb42d56 -> 
  custom:SearchIndexIgnoredProperties: e643bd26f0fe6173181afceb89e7c659 -> 
  custom:container-demuxer-ogg: 62fdf1f143b41e24485cea50d1cbac27 -> 
  custom:AudioImporter_EditorPlatform: d09bf68614088b80899f8185d706f6e7 -> 
  custom:CustomObjectIndexerAttribute: 756ad292c208cfabdd7b50bc23989ffe -> 
  custom:container-demuxer-webm: 4f35f7cbe854078d1ac9338744f61a02 -> 
  custom:video-decoder-ogg-theora: a1e56fd34408186e4bbccfd4996cb3dc -> 
  custom:audio-encoder-webm-vorbis: bf7c407c2cedff20999df2af8eb42d56 -> 
  custom:framework-win-MediaFoundation: 216162199b28c13a410421893ffa2e32 -> 
  custom:container-muxer-webm: aa71ff27fc2769a1b78a27578f13a17b -> 
========================================================================
Received Import Request.
  Time since last request: 458775.412079 seconds.
  path: Assets/_Udemy Tower Defence Assets/Models/Kenney Tower Defence Kit/Materials/_defaultMat.mat
  artifactKey: Guid(b993994695a392a4390eebab8edbe836) Importer(2089858483,0ecaa5967403d082aa24f35e1b516d23)
Start importing Assets/_Udemy Tower Defence Assets/Models/Kenney Tower Defence Kit/Materials/_defaultMat.mat using Guid(b993994695a392a4390eebab8edbe836) Importer(2089858483,0ecaa5967403d082aa24f35e1b516d23) Generated GUIDs only implemented for interfaces!
 -> (artifact id: 'ba9595952165368fdc00cfd7adeeffa7') in 0.103283 seconds
Number of updated asset objects reloaded before import = 0
Number of asset objects unloaded after import = 1
========================================================================
Received Import Request.
  Time since last request: 0.000037 seconds.
  path: Assets/_Udemy Tower Defence Assets/Models/Quaternius - Cute Animated Monsters/Materials/Skull.mat
  artifactKey: Guid(c9ea8e63a0fca9749af417acbba76f5d) Importer(2089858483,0ecaa5967403d082aa24f35e1b516d23)
Start importing Assets/_Udemy Tower Defence Assets/Models/Quaternius - Cute Animated Monsters/Materials/Skull.mat using Guid(c9ea8e63a0fca9749af417acbba76f5d) Importer(2089858483,0ecaa5967403d082aa24f35e1b516d23) Generated GUIDs only implemented for interfaces!
 -> (artifact id: 'e523f5cc5adf6dd1d36caa9d75e891fa') in 0.039167 seconds
Number of updated asset objects reloaded before import = 0
Number of asset objects unloaded after import = 2
========================================================================
Received Import Request.
  Time since last request: 0.000017 seconds.
  path: Assets/_Udemy Tower Defence Assets/Models/Kenney Tower Defence Kit/enemy_ufoPurpleWeapon.fbx
  artifactKey: Guid(5cc5ee03cbf9ae74181cf5a871e146dd) Importer(2089858483,0ecaa5967403d082aa24f35e1b516d23)
Start importing Assets/_Udemy Tower Defence Assets/Models/Kenney Tower Defence Kit/enemy_ufoPurpleWeapon.fbx using Guid(5cc5ee03cbf9ae74181cf5a871e146dd) Importer(2089858483,0ecaa5967403d082aa24f35e1b516d23) Generated GUIDs only implemented for interfaces!
 -> (artifact id: 'd7da87080a04dceab916f623fdbfb0d5') in 0.064480 seconds
Number of updated asset objects reloaded before import = 0
Number of asset objects unloaded after import = 12
========================================================================
Received Import Request.
  Time since last request: 0.000024 seconds.
  path: Assets/_Udemy Tower Defence Assets/Models/Quaternius - Cute Animated Monsters/Materials/Cyclops.mat
  artifactKey: Guid(eb3f0d2ca728a284189c838882ec8575) Importer(2089858483,0ecaa5967403d082aa24f35e1b516d23)
Start importing Assets/_Udemy Tower Defence Assets/Models/Quaternius - Cute Animated Monsters/Materials/Cyclops.mat using Guid(eb3f0d2ca728a284189c838882ec8575) Importer(2089858483,0ecaa5967403d082aa24f35e1b516d23) Generated GUIDs only implemented for interfaces!
 -> (artifact id: 'd8f0751778821e0c890d1cd9bc8bf1f6') in 0.031501 seconds
Number of updated asset objects reloaded before import = 0
Number of asset objects unloaded after import = 2
========================================================================
Received Import Request.
  Time since last request: 0.000023 seconds.
  path: Assets/_Udemy Tower Defence Assets/Models/Kenney Tower Defence Kit/snow_tile_straightHill.fbx
  artifactKey: Guid(9846c31421f770d44bbc8886fdd69363) Importer(2089858483,0ecaa5967403d082aa24f35e1b516d23)
Start importing Assets/_Udemy Tower Defence Assets/Models/Kenney Tower Defence Kit/snow_tile_straightHill.fbx using Guid(9846c31421f770d44bbc8886fdd69363) Importer(2089858483,0ecaa5967403d082aa24f35e1b516d23) Generated GUIDs only implemented for interfaces!
 -> (artifact id: 'f08f4d1e01c4a326b962953c1e32854f') in 0.032382 seconds
Number of updated asset objects reloaded before import = 0
Number of asset objects unloaded after import = 7
========================================================================
Received Import Request.
  Time since last request: 0.000030 seconds.
  path: Assets/_Udemy Tower Defence Assets/Models/Kenney Tower Defence Kit/Materials/wood.mat
  artifactKey: Guid(5f2eaa3951947e64ba35ba16773ded12) Importer(2089858483,0ecaa5967403d082aa24f35e1b516d23)
Start importing Assets/_Udemy Tower Defence Assets/Models/Kenney Tower Defence Kit/Materials/wood.mat using Guid(5f2eaa3951947e64ba35ba16773ded12) Importer(2089858483,0ecaa5967403d082aa24f35e1b516d23) Generated GUIDs only implemented for interfaces!
 -> (artifact id: '9ff6fedb86d31b0f496c761d18e4f319') in 0.017638 seconds
Number of updated asset objects reloaded before import = 0
Number of asset objects unloaded after import = 1
========================================================================
Received Import Request.
  Time since last request: 0.000013 seconds.
  path: Assets/_Udemy Tower Defence Assets/Models/Kenney Tower Defence Kit/tile_cornerInner.fbx
  artifactKey: Guid(9816eb19c3465e74284b98cf70019798) Importer(2089858483,0ecaa5967403d082aa24f35e1b516d23)
Start importing Assets/_Udemy Tower Defence Assets/Models/Kenney Tower Defence Kit/tile_cornerInner.fbx using Guid(9816eb19c3465e74284b98cf70019798) Importer(2089858483,0ecaa5967403d082aa24f35e1b516d23) Generated GUIDs only implemented for interfaces!
 -> (artifact id: '2445ce60d751dfb73559b37c11991621') in 0.034075 seconds
Number of updated asset objects reloaded before import = 0
Number of asset objects unloaded after import = 7
========================================================================
Received Import Request.
  Time since last request: 0.000014 seconds.
  path: Assets/Scripts/EnemyController.cs
  artifactKey: Guid(fa7d909e3142fc045ab29a853342de24) Importer(2089858483,0ecaa5967403d082aa24f35e1b516d23)
Start importing Assets/Scripts/EnemyController.cs using Guid(fa7d909e3142fc045ab29a853342de24) Importer(2089858483,0ecaa5967403d082aa24f35e1b516d23) Generated GUIDs only implemented for interfaces!
 -> (artifact id: '61e52220a2ad10ba1d2c97c51ccfa87e') in 0.014818 seconds
Number of updated asset objects reloaded before import = 0
Number of asset objects unloaded after import = 1
========================================================================
Received Import Request.
  Time since last request: 0.000076 seconds.
  path: Assets/_Udemy Tower Defence Assets/Models/Kenney Tower Defence Kit/snow_tile_endRound.fbx
  artifactKey: Guid(9a8ccab0cdb05844ebd03e3b49a0b57e) Importer(2089858483,0ecaa5967403d082aa24f35e1b516d23)
Start importing Assets/_Udemy Tower Defence Assets/Models/Kenney Tower Defence Kit/snow_tile_endRound.fbx using Guid(9a8ccab0cdb05844ebd03e3b49a0b57e) Importer(2089858483,0ecaa5967403d082aa24f35e1b516d23) Generated GUIDs only implemented for interfaces!
 -> (artifact id: '42b148d6455534197c6dfdfc9ab38c19') in 0.031829 seconds
Number of updated asset objects reloaded before import = 0
Number of asset objects unloaded after import = 7
========================================================================
Received Import Request.
  Time since last request: 0.000016 seconds.
  path: Assets/_Udemy Tower Defence Assets/Models/Kenney Tower Defence Kit/Materials/snow.mat
  artifactKey: Guid(beb432f018d36474190877eb8da33625) Importer(2089858483,0ecaa5967403d082aa24f35e1b516d23)
Start importing Assets/_Udemy Tower Defence Assets/Models/Kenney Tower Defence Kit/Materials/snow.mat using Guid(beb432f018d36474190877eb8da33625) Importer(2089858483,0ecaa5967403d082aa24f35e1b516d23) Generated GUIDs only implemented for interfaces!
 -> (artifact id: '330dd81a78970026dbd5b73d3c739b97') in 0.025042 seconds
Number of updated asset objects reloaded before import = 0
Number of asset objects unloaded after import = 1
========================================================================
Received Import Request.
  Time since last request: 0.000041 seconds.
  path: Assets/_Udemy Tower Defence Assets/Models/Quaternius - Cute Animated Monsters/Textures/Alien_Tall_Texture.png
  artifactKey: Guid(9aab5dc2edc00844fb6c99e09f617332) Importer(2089858483,0ecaa5967403d082aa24f35e1b516d23)
Start importing Assets/_Udemy Tower Defence Assets/Models/Quaternius - Cute Animated Monsters/Textures/Alien_Tall_Texture.png using Guid(9aab5dc2edc00844fb6c99e09f617332) Importer(2089858483,0ecaa5967403d082aa24f35e1b516d23) Generated GUIDs only implemented for interfaces!
 -> (artifact id: '8afb2a4b96f2b78acae2ed57df995241') in 0.061273 seconds
Number of updated asset objects reloaded before import = 0
Number of asset objects unloaded after import = 1
========================================================================
Received Import Request.
  Time since last request: 0.000036 seconds.
  path: Assets/_Udemy Tower Defence Assets/Audio/SFX/enemy death.wav
  artifactKey: Guid(390acd5fdac60cf4f83f22ae9cd6ab7d) Importer(2089858483,0ecaa5967403d082aa24f35e1b516d23)
Start importing Assets/_Udemy Tower Defence Assets/Audio/SFX/enemy death.wav using Guid(390acd5fdac60cf4f83f22ae9cd6ab7d) Importer(2089858483,0ecaa5967403d082aa24f35e1b516d23) Generated GUIDs only implemented for interfaces!
 -> (artifact id: '3fd3176e0eb17a70d12317aefe59b60e') in 0.046663 seconds
Number of updated asset objects reloaded before import = 0
Number of asset objects unloaded after import = 1
========================================================================
Received Import Request.
  Time since last request: 0.000025 seconds.
  path: Assets/_Udemy Tower Defence Assets/Models/Quaternius - Cute Animated Monsters/Textures/Skull_Texture.png
  artifactKey: Guid(83547cdfd2db38547a8121d87ab0c6ef) Importer(2089858483,0ecaa5967403d082aa24f35e1b516d23)
Start importing Assets/_Udemy Tower Defence Assets/Models/Quaternius - Cute Animated Monsters/Textures/Skull_Texture.png using Guid(83547cdfd2db38547a8121d87ab0c6ef) Importer(2089858483,0ecaa5967403d082aa24f35e1b516d23) Generated GUIDs only implemented for interfaces!
 -> (artifact id: '153bccaeded3d34988e1a5774bcab6c5') in 0.033055 seconds
Number of updated asset objects reloaded before import = 0
Number of asset objects unloaded after import = 1
========================================================================
Received Import Request.
  Time since last request: 0.000029 seconds.
  path: Assets/_Udemy Tower Defence Assets/Models/Quaternius - Cute Animated Monsters/Textures/Penguin_Texture.png
  artifactKey: Guid(f2fbe15e2222c194f9d180cb3241cd2b) Importer(2089858483,0ecaa5967403d082aa24f35e1b516d23)
Start importing Assets/_Udemy Tower Defence Assets/Models/Quaternius - Cute Animated Monsters/Textures/Penguin_Texture.png using Guid(f2fbe15e2222c194f9d180cb3241cd2b) Importer(2089858483,0ecaa5967403d082aa24f35e1b516d23) Generated GUIDs only implemented for interfaces!
 -> (artifact id: 'fa301f56ab14703897a6b89c71aad751') in 0.030581 seconds
Number of updated asset objects reloaded before import = 0
Number of asset objects unloaded after import = 1
========================================================================
Received Import Request.
  Time since last request: 0.000022 seconds.
  path: Assets/_Udemy Tower Defence Assets/Models/Kenney Tower Defence Kit/tile_riverSlope.fbx
  artifactKey: Guid(473f580bc85fced408ec5d798e1e36ed) Importer(2089858483,0ecaa5967403d082aa24f35e1b516d23)
Start importing Assets/_Udemy Tower Defence Assets/Models/Kenney Tower Defence Kit/tile_riverSlope.fbx using Guid(473f580bc85fced408ec5d798e1e36ed) Importer(2089858483,0ecaa5967403d082aa24f35e1b516d23) Generated GUIDs only implemented for interfaces!
 -> (artifact id: 'bd71dd33d4ce652318bce10f97379cd0') in 0.028930 seconds
Number of updated asset objects reloaded before import = 0
Number of asset objects unloaded after import = 7
========================================================================
Received Import Request.
  Time since last request: 0.000016 seconds.
  path: Assets/_Udemy Tower Defence Assets/Models/Kenney Tower Defence Kit/snow_woodStructure.fbx
  artifactKey: Guid(edfd67a4e21afdb4bb5d897b65402dab) Importer(2089858483,0ecaa5967403d082aa24f35e1b516d23)
Start importing Assets/_Udemy Tower Defence Assets/Models/Kenney Tower Defence Kit/snow_woodStructure.fbx using Guid(edfd67a4e21afdb4bb5d897b65402dab) Importer(2089858483,0ecaa5967403d082aa24f35e1b516d23) Generated GUIDs only implemented for interfaces!
 -> (artifact id: '174fc70f123d5ecd5a2a49acc2cfdccc') in 0.036088 seconds
Number of updated asset objects reloaded before import = 0
Number of asset objects unloaded after import = 7
========================================================================
Received Import Request.
  Time since last request: 0.000016 seconds.
  path: Assets/_Udemy Tower Defence Assets/Models/Kenney Tower Defence Kit/towerSquare_roofC.fbx
  artifactKey: Guid(146569505a33dff479679ffe2bfc5bf6) Importer(2089858483,0ecaa5967403d082aa24f35e1b516d23)
Start importing Assets/_Udemy Tower Defence Assets/Models/Kenney Tower Defence Kit/towerSquare_roofC.fbx using Guid(146569505a33dff479679ffe2bfc5bf6) Importer(2089858483,0ecaa5967403d082aa24f35e1b516d23) Generated GUIDs only implemented for interfaces!
 -> (artifact id: 'd9417c90f131568e1cd491952999dcf9') in 0.035738 seconds
Number of updated asset objects reloaded before import = 0
Number of asset objects unloaded after import = 7
========================================================================
Received Import Request.
  Time since last request: 0.000022 seconds.
  path: Assets/_Udemy Tower Defence Assets/Models/Kenney Tower Defence Kit/towerSquare_middleC.fbx
  artifactKey: Guid(d2685ab3a57313549986882599b4b161) Importer(2089858483,0ecaa5967403d082aa24f35e1b516d23)
Start importing Assets/_Udemy Tower Defence Assets/Models/Kenney Tower Defence Kit/towerSquare_middleC.fbx using Guid(d2685ab3a57313549986882599b4b161) Importer(2089858483,0ecaa5967403d082aa24f35e1b516d23) Generated GUIDs only implemented for interfaces!
 -> (artifact id: '6e5073d93c765c4c0c844803b1d4cfac') in 0.038519 seconds
Number of updated asset objects reloaded before import = 0
Number of asset objects unloaded after import = 9
========================================================================
Received Import Request.
  Time since last request: 0.000021 seconds.
  path: Assets/_Udemy Tower Defence Assets/Models/Kenney Tower Defence Kit/tile_wideStraight.fbx
  artifactKey: Guid(4545a2f6b5ff9e348ab02183324a75d6) Importer(2089858483,0ecaa5967403d082aa24f35e1b516d23)
Start importing Assets/_Udemy Tower Defence Assets/Models/Kenney Tower Defence Kit/tile_wideStraight.fbx using Guid(4545a2f6b5ff9e348ab02183324a75d6) Importer(2089858483,0ecaa5967403d082aa24f35e1b516d23) Generated GUIDs only implemented for interfaces!
 -> (artifact id: 'ea8a7ad7fcbef09b8c8492d52dd37453') in 0.032576 seconds
Number of updated asset objects reloaded before import = 0
Number of asset objects unloaded after import = 7
========================================================================
Received Import Request.
  Time since last request: 0.000016 seconds.
  path: Assets/_Udemy Tower Defence Assets/Audio/Music/Level Select.mp3
  artifactKey: Guid(d5872266d28af5743bc8e4aa23910ed4) Importer(2089858483,0ecaa5967403d082aa24f35e1b516d23)
Start importing Assets/_Udemy Tower Defence Assets/Audio/Music/Level Select.mp3 using Guid(d5872266d28af5743bc8e4aa23910ed4) Importer(2089858483,0ecaa5967403d082aa24f35e1b516d23) Generated GUIDs only implemented for interfaces!
 -> (artifact id: '194ea0092d65ae5038a7f12d3abc8520') in 0.063153 seconds
Number of updated asset objects reloaded before import = 0
Number of asset objects unloaded after import = 1
========================================================================
Received Import Request.
  Time since last request: 0.000023 seconds.
  path: Assets/_Udemy Tower Defence Assets/Models/Kenney Tower Defence Kit/towerRound_topB.fbx
  artifactKey: Guid(2078542e9450d6a408816d97ee5bd304) Importer(2089858483,0ecaa5967403d082aa24f35e1b516d23)
Start importing Assets/_Udemy Tower Defence Assets/Models/Kenney Tower Defence Kit/towerRound_topB.fbx using Guid(2078542e9450d6a408816d97ee5bd304) Importer(2089858483,0ecaa5967403d082aa24f35e1b516d23) Generated GUIDs only implemented for interfaces!
 -> (artifact id: '89476558b7d3d522b9dbfbbf0d5ccbbc') in 0.035054 seconds
Number of updated asset objects reloaded before import = 0
Number of asset objects unloaded after import = 9
========================================================================
Received Import Request.
  Time since last request: 0.000024 seconds.
  path: Assets/_Udemy Tower Defence Assets/Models/Quaternius - Cute Animated Monsters/Materials/Crab.mat
  artifactKey: Guid(f7b04dc4bcc2bfa4ca67e2de4693a9e7) Importer(2089858483,0ecaa5967403d082aa24f35e1b516d23)
Start importing Assets/_Udemy Tower Defence Assets/Models/Quaternius - Cute Animated Monsters/Materials/Crab.mat using Guid(f7b04dc4bcc2bfa4ca67e2de4693a9e7) Importer(2089858483,0ecaa5967403d082aa24f35e1b516d23) Generated GUIDs only implemented for interfaces!
 -> (artifact id: 'ca11012c7211ac11493172afc3ca50c3') in 0.025537 seconds
Number of updated asset objects reloaded before import = 0
Number of asset objects unloaded after import = 2
Editor requested this worker to shutdown with reason: Scaling down because of idle timeout
TcpMessagingSession - receive error
AssetImportWorkerClient::OnTransportError - code=2 error=End of file
AssetImportWorker is now disconnected from the server
Process exiting
Exiting without the bug reporter. Application will terminate with return code 0